<?xml version="1.0" encoding="UTF-8"?>
<testsuite xmlns:xsi="http://www.w3.org/2001/XMLSchema-instance" xsi:noNamespaceSchemaLocation="https://maven.apache.org/surefire/maven-surefire-plugin/xsd/surefire-test-report.xsd" version="3.0.2" name="com.backend.application.usecase.UpdateUserServiceImplTest" time="0.052" tests="5" errors="0" skipped="0" failures="0">
  <properties>
[...]
</properties>
  <testcase name="shouldThrowExceptionWhenUserDoesNotExist" classname="com.backend.application.usecase.UpdateUserServiceImplTest" time="0.025"/>
  <testcase name="shouldUpdateOnlyPasswordWhenEmailIsNull" classname="com.backend.application.usecase.UpdateUserServiceImplTest" time="0.007"/>
  <testcase name="shouldUpdateOnlyEmailWhenPasswordIsNull" classname="com.backend.application.usecase.UpdateUserServiceImplTest" time="0.004"/>
  <testcase name="shouldUpdateUserWhenExists" classname="com.backend.application.usecase.UpdateUserServiceImplTest" time="0.004"/>
  <testcase name="shouldThrowExceptionWhenPasswordIsTooShort" classname="com.backend.application.usecase.UpdateUserServiceImplTest" time="0.003"/>
</testsuite>